2018-10-27 19:04:09,224 INFO  Browser is started,Type is :firefox 
2018-10-27 19:04:10,504 INFO  Select option in dropdown list :byindex 
2018-10-27 19:04:10,677 INFO  1 is selected in dropdownlist:[[FirefoxDriver: firefox on WINDOWS (ddbb0c6c-484d-4802-8354-febe89fc82ce)] -> id: menus_navlist] 
2018-10-27 19:04:10,755 INFO  Select option in dropdown list :byindex 
2018-10-27 19:04:10,942 INFO  3 is selected in dropdownlist:[[FirefoxDriver: firefox on WINDOWS (ddbb0c6c-484d-4802-8354-febe89fc82ce)] -> id: menus_navlist] 
2018-10-27 19:04:11,036 INFO  Select option in dropdown list :byindex 
2018-10-27 19:04:11,192 INFO  4 is selected in dropdownlist:[[FirefoxDriver: firefox on WINDOWS (ddbb0c6c-484d-4802-8354-febe89fc82ce)] -> id: menus_navlist] 
2018-10-27 19:04:13,610 ERROR expected [3] but found [5] 
2018-10-27 19:05:12,639 INFO  Browser is started,Type is :firefox 
2018-10-27 19:05:12,967 INFO  Select option in dropdown list :byindex 
2018-10-27 19:05:13,186 INFO  1 is selected in dropdownlist:[[FirefoxDriver: firefox on WINDOWS (997ffdae-1e02-4ac2-a295-265558220a7b)] -> id: menus_navlist] 
2018-10-27 19:05:13,264 INFO  Select option in dropdown list :byindex 
2018-10-27 19:05:13,420 INFO  3 is selected in dropdownlist:[[FirefoxDriver: firefox on WINDOWS (997ffdae-1e02-4ac2-a295-265558220a7b)] -> id: menus_navlist] 
2018-10-27 19:05:13,482 INFO  Select option in dropdown list :byindex 
2018-10-27 19:05:13,623 INFO  4 is selected in dropdownlist:[[FirefoxDriver: firefox on WINDOWS (997ffdae-1e02-4ac2-a295-265558220a7b)] -> id: menus_navlist] 
2018-10-27 20:21:59,278 INFO  Browser is started,Type is :firefox 
2018-10-27 20:22:08,235 INFO  Browser is started,Type is :firefox 
2018-10-27 20:22:19,205 INFO  Browser is started,Type is :firefox 
2018-10-27 20:22:28,590 INFO  Browser is started,Type is :ie 
2018-10-27 20:22:54,873 INFO  Browser is started,Type is :ie 
2018-10-27 20:23:05,542 INFO  Browser is started,Type is :ie 
2018-10-27 20:38:10,876 INFO  Browser is started,Type is :firefox 
2018-10-27 20:38:19,943 INFO  Browser is started,Type is :firefox 
2018-10-27 20:38:32,597 INFO  Browser is started,Type is :firefox 
2018-10-27 20:38:42,178 INFO  Browser is started,Type is :ie 
2018-10-27 20:38:52,507 INFO  Browser is started,Type is :ie 
2018-10-27 20:39:09,228 INFO  Browser is started,Type is :ie 
2018-10-28 10:48:04,291 INFO  Browser is started,Type is :firefox 
2018-10-28 10:48:53,056 INFO  Browser is started,Type is :firefox 
2018-10-28 10:51:16,590 INFO  Browser is started,Type is :firefox 
2018-10-28 10:51:48,784 INFO  Browser is started,Type is :firefox 
2018-10-28 10:53:38,115 INFO  Browser is started,Type is :firefox 
2018-10-28 10:56:22,442 INFO  Browser is started,Type is :firefox 
2018-10-28 10:59:34,739 INFO  Browser is started,Type is :firefox 
2018-10-28 11:02:41,321 INFO  Browser is started,Type is :firefox 
2018-10-28 11:05:48,212 INFO  Browser is started,Type is :firefox 
2018-10-28 11:06:14,500 INFO  Browser is started,Type is :firefox 
2018-10-28 11:16:53,551 INFO  Browser is started,Type is :firefox 
2018-10-28 11:17:41,837 INFO  Browser is started,Type is :firefox 
2018-10-28 11:21:33,875 INFO  Browser is started,Type is :firefox 
2018-10-28 11:35:16,349 INFO  Browser is started,Type is :firefox 
2018-10-28 11:45:39,024 INFO  Browser is started,Type is :firefox 
2018-10-28 11:46:39,749 INFO  Browser is started,Type is :firefox 
2018-10-28 12:01:34,881 INFO  Browser is started,Type is :firefox 
2018-10-28 12:07:18,668 INFO  Browser is started,Type is :firefox 
2018-10-28 12:44:49,209 INFO  Browser is started,Type is :firefox 
2018-10-28 12:46:20,299 INFO  Browser is started,Type is :firefox 
2018-10-28 13:03:03,533 INFO  Browser is started,Type is :firefox 
2018-10-28 13:09:18,931 INFO  Browser is started,Type is :firefox 
2018-10-28 13:10:33,299 INFO  Browser is started,Type is :firefox 
2018-10-28 16:00:45,556 INFO  Browser is started,Type is :firefox 
2018-10-28 16:12:16,376 INFO  Browser is started,Type is :firefox 
2018-10-28 16:21:54,155 INFO  Browser is started,Type is :firefox 
2018-10-28 16:35:32,858 INFO  Browser is started,Type is :firefox 
2018-10-28 16:52:38,121 INFO  Browser is started,Type is :firefox 
2018-10-28 16:53:01,060 INFO  Browser is started,Type is :firefox 
2018-10-28 16:53:20,970 INFO  Browser is started,Type is :firefox 
2018-10-28 16:53:58,494 INFO  Browser is started,Type is :firefox 
2018-10-28 17:25:31,461 INFO  Browser is started,Type is :firefox 
2018-10-28 17:27:16,048 INFO  Browser is started,Type is :firefox 
2018-10-28 17:41:19,563 INFO  Browser is started,Type is :firefox 
2018-10-28 17:41:51,270 INFO  Browser is started,Type is :firefox 
2018-10-28 19:10:46,262 INFO  Browser is started,Type is :firefox 
2018-10-28 19:12:16,999 INFO  Browser is started,Type is :firefox 
2018-10-28 19:17:11,094 INFO  Browser is started,Type is :firefox 
2018-10-28 19:18:56,554 INFO  Browser is started,Type is :firefox 
2018-10-28 19:31:39,060 INFO  Browser is started,Type is :firefox 
2018-10-28 19:35:02,198 INFO  Browser is started,Type is :firefox 
2018-10-28 19:48:19,750 INFO  Browser is started,Type is :firefox 
2018-10-28 19:49:39,744 INFO  Browser is started,Type is :firefox 
2018-10-28 19:50:48,415 INFO  Browser is started,Type is :firefox 
2018-10-28 19:51:34,669 INFO  Browser is started,Type is :firefox 
2018-10-28 19:52:14,979 INFO  Browser is started,Type is :firefox 
2018-10-28 20:19:33,903 INFO  Browser is started,Type is :firefox 
2018-10-28 20:58:51,510 INFO  Browser is started,Type is :firefox 
2018-10-28 20:59:37,176 INFO  Browser is started,Type is :firefox 
2018-10-28 21:03:02,995 INFO  Browser is started,Type is :firefox 
2018-10-28 21:16:47,537 INFO  Browser is started,Type is :firefox 
2018-10-28 21:25:14,401 INFO  Browser is started,Type is :firefox 
2018-10-29 20:35:37,018 INFO  Browser is started,Type is :firefox 
2018-10-29 20:37:00,120 INFO  Browser is started,Type is :firefox 
2018-10-29 20:39:09,087 INFO  Browser is started,Type is :firefox 
2018-10-29 20:50:29,279 INFO  Browser is started,Type is :firefox 
2018-10-29 20:54:28,240 INFO  Browser is started,Type is :firefox 
2018-10-29 21:07:58,287 INFO  Browser is started,Type is :firefox 
2018-10-29 21:09:32,830 INFO  Browser is started,Type is :firefox 
2018-10-30 20:36:39,981 INFO  Browser is started,Type is :firefox 
2018-10-30 20:40:04,723 INFO  Browser is started,Type is :firefox 
2018-10-30 20:40:29,814 INFO  Browser is started,Type is :firefox 
2018-10-30 21:04:20,294 INFO  Browser is started,Type is :firefox 
2018-10-30 21:07:24,569 INFO  Browser is started,Type is :firefox 
2018-10-30 21:09:03,734 INFO  Browser is started,Type is :firefox 
2018-10-30 21:10:36,727 INFO  Browser is started,Type is :firefox 
2018-10-30 21:11:02,715 INFO  Browser is started,Type is :firefox 
2018-10-30 21:11:57,573 INFO  Browser is started,Type is :firefox 
2018-10-30 21:34:06,482 INFO  Browser is started,Type is :firefox 
2018-10-30 21:35:34,771 INFO  Browser is started,Type is :firefox 
2018-10-30 21:46:08,011 INFO  Browser is started,Type is :firefox 
2018-10-31 21:06:41,129 INFO  Browser is started,Type is :firefox 
2018-10-31 21:07:08,524 INFO  Browser is started,Type is :firefox 
2018-10-31 21:07:48,138 INFO  Browser is started,Type is :firefox 
2018-10-31 21:09:06,029 INFO  Browser is started,Type is :firefox 
2018-10-31 21:10:00,939 INFO  Browser is started,Type is :firefox 
2018-10-31 21:17:05,115 INFO  Browser is started,Type is :firefox 
2018-10-31 21:21:28,936 INFO  Browser is started,Type is :firefox 
2018-11-01 21:33:05,718 INFO  Browser is started,Type is :firefox 
2018-11-03 10:03:36,941 INFO  Browser is started,Type is :firefox 
2018-11-03 10:06:32,224 INFO  Browser is started,Type is :firefox 
2018-11-03 10:06:51,418 INFO  Browser is started,Type is :firefox 
2018-11-03 10:08:58,426 INFO  Browser is started,Type is :firefox 
2018-11-03 10:22:59,857 INFO  Browser is started,Type is :firefox 
2018-11-03 10:48:52,731 INFO  Browser is started,Type is :firefox 
2018-11-03 10:49:21,501 INFO  Browser is started,Type is :firefox 
2018-11-03 10:57:28,300 INFO  Browser is started,Type is :firefox 
2018-11-03 11:02:09,782 INFO  Browser is started,Type is :firefox 
2018-11-03 11:02:27,866 INFO  Browser is started,Type is :firefox 
2018-11-03 11:03:07,788 INFO  Browser is started,Type is :firefox 
2018-11-03 11:04:15,657 INFO  Browser is started,Type is :firefox 
2018-11-03 11:10:58,772 INFO  Browser is started,Type is :firefox 
2018-11-03 11:13:37,083 INFO  Browser is started,Type is :firefox 
2018-11-03 11:15:11,471 INFO  Browser is started,Type is :firefox 
2018-11-03 11:30:04,996 INFO  Browser is started,Type is :firefox 
2018-11-03 11:31:48,616 INFO  Browser is started,Type is :firefox 
2018-11-03 11:33:18,785 INFO  Browser is started,Type is :firefox 
2018-11-03 11:37:42,648 INFO  Browser is started,Type is :firefox 
2018-11-03 11:42:59,137 INFO  Browser is started,Type is :firefox 
2018-11-03 12:11:21,736 INFO  Browser is started,Type is :firefox 
2018-11-03 12:17:29,096 INFO  Browser is started,Type is :firefox 
2018-11-03 12:24:12,854 INFO  Browser is started,Type is :firefox 
2018-11-03 16:23:23,071 INFO  Browser is started,Type is :firefox 
2018-11-03 16:23:26,334 INFO  Browser is started,Type is :firefox 
2018-11-03 16:23:30,823 INFO  Browser is started,Type is :firefox 
2018-11-03 16:23:52,986 INFO  Browser is started,Type is :firefox 
2018-11-03 16:28:50,812 INFO  Browser is started,Type is :firefox 
2018-11-03 16:29:19,378 INFO  Browser is started,Type is :firefox 
2018-11-03 16:35:46,174 INFO  Browser is started,Type is :firefox 
2018-11-03 16:57:24,129 INFO  Browser is started,Type is :firefox 
2018-11-03 17:01:10,687 INFO  Browser is started,Type is :firefox 
2018-11-03 17:17:12,838 INFO  Browser is started,Type is :firefox 
2018-11-03 17:23:07,017 INFO  Browser is started,Type is :firefox 
2018-11-03 17:33:45,170 INFO  Browser is started,Type is :firefox 
2018-11-03 17:43:16,685 INFO  Browser is started,Type is :firefox 
2018-11-03 17:53:35,653 INFO  Browser is started,Type is :firefox 
2018-11-03 18:08:00,331 INFO  Browser is started,Type is :firefox 
2018-11-03 19:46:08,710 INFO  Browser is started,Type is :firefox 
2018-11-03 19:47:10,083 INFO  Browser is started,Type is :firefox 
2018-11-03 19:57:46,694 INFO  Browser is started,Type is :firefox 
2018-11-03 20:03:23,341 INFO  Browser is started,Type is :firefox 
2018-11-03 20:25:45,846 INFO  Browser is started,Type is :firefox 
2018-11-03 21:00:51,087 INFO  Browser is started,Type is :firefox 
2018-11-03 21:01:29,472 INFO  Browser is started,Type is :firefox 
2018-11-03 21:02:15,680 INFO  I/O exception (org.apache.http.NoHttpResponseException) caught when processing request to {}->http://127.0.0.1:7055: The target server failed to respond 
2018-11-03 21:02:15,680 INFO  Retrying request to {}->http://127.0.0.1:7055 
2018-11-03 21:02:30,039 INFO  Browser is started,Type is :firefox 
2018-11-03 21:09:28,042 INFO  Browser is started,Type is :firefox 
2018-11-03 21:22:57,694 INFO  Browser is started,Type is :firefox 
2018-11-03 21:37:59,430 INFO  Browser is started,Type is :firefox 
2018-11-04 09:27:23,480 INFO  Browser is started,Type is :firefox 
2018-11-04 09:55:09,249 INFO  Browser is started,Type is :firefox 
2018-11-04 09:56:02,298 INFO  Browser is started,Type is :firefox 
2018-11-04 09:56:40,465 INFO  Browser is started,Type is :firefox 
2018-11-04 10:21:55,611 INFO  Browser is started,Type is :firefox 
2018-11-04 10:46:44,469 INFO  Browser is started,Type is :firefox 
2018-11-04 10:50:06,409 INFO  Browser is started,Type is :firefox 
2018-11-04 10:51:52,734 INFO  Browser is started,Type is :firefox 
2018-11-04 10:54:07,311 INFO  Browser is started,Type is :firefox 
2018-11-04 11:12:03,535 INFO  Browser is started,Type is :firefox 
2018-11-04 11:12:42,757 INFO  Browser is started,Type is :firefox 
2018-11-04 11:15:00,380 INFO  Browser is started,Type is :firefox 
2018-11-04 12:07:50,373 INFO  Browser is started,Type is :firefox 
2018-11-04 12:23:47,042 INFO  Browser is started,Type is :firefox 
2018-11-04 12:26:51,543 INFO  Browser is started,Type is :firefox 
2018-11-04 12:36:06,748 INFO  Browser is started,Type is :firefox 
